<?xml version="1.0" encoding="UTF-8"?>
<!-- Generated by org.testng.reporters.JUnitXMLReporter -->
<testsuite hostname="Mouneesh-PC" ignored="0" name="CreateLead Test Automation Page Object Model Test Cases" tests="2" failures="0" timestamp="2019-11-10T11:48:31 IST" time="48.02" errors="0">
  <testcase name="runCreateLeadTestCases" time="15.872" classname="org.testleaf.qa.testcases.CreateLeadTestCases"/>
  <testcase name="runCreateLeadTestCases" time="12.936" classname="org.testleaf.qa.testcases.CreateLeadTestCases"/>
</testsuite> <!-- CreateLead Test Automation Page Object Model Test Cases -->
