<?xml version="1.0" encoding="UTF-8"?>
<!-- Generated by org.testng.reporters.JUnitXMLReporter -->
<testsuite hostname="Mouneesh-PC" ignored="0" name="CreateLead Test Automation Page Object Model Test Cases" tests="8" failures="0" timestamp="2019-11-10T09:11:51 IST" time="203.528" errors="0">
  <testcase name="runCreateLeadTestCases" time="15.462" classname="org.testleaf.qa.testcases.CreateLeadTestCases"/>
  <testcase name="runCreateLeadTestCases" time="13.143" classname="org.testleaf.qa.testcases.CreateLeadTestCases"/>
  <testcase name="runEditLeadTestCases" time="16.42" classname="org.testleaf.qa.testcases.EditLeadTestCases"/>
  <testcase name="runEditLeadTestCases" time="17.217" classname="org.testleaf.qa.testcases.EditLeadTestCases"/>
  <testcase name="runDuplicateLeadTestCases" time="17.054" classname="org.testleaf.qa.testcases.DuplicateLeadTestCases"/>
  <testcase name="runDuplicateLeadTestCases" time="16.942" classname="org.testleaf.qa.testcases.DuplicateLeadTestCases"/>
  <testcase name="runDeleteLeadTestCases" time="16.978" classname="org.testleaf.qa.testcases.DeleteLeadTestCases"/>
  <testcase name="runMergeLeadTestCases" time="27.22" classname="org.testleaf.qa.testcases.MergeLeadTestCases"/>
</testsuite> <!-- CreateLead Test Automation Page Object Model Test Cases -->
